<?xml version="1.0" encoding="UTF-8"?>
<coverage generated="1645607104749" clover="3.2.0">
  <project timestamp="1645607104749" name="All files">
    <metrics statements="32" coveredstatements="28" conditionals="14" coveredconditionals="9" methods="6" coveredmethods="6" elements="52" coveredelements="43" complexity="0" loc="32" ncloc="32" packages="1" files="3" classes="3"/>
    <file name="genDiff.js" path="/Users/george/frontend-project-lvl2/src/genDiff.js">
      <metrics statements="19" coveredstatements="17" conditionals="6" coveredconditionals="4" methods="4" coveredmethods="4"/>
      <line num="7" count="1" type="stmt"/>
      <line num="8" count="2" type="stmt"/>
      <line num="9" count="2" type="stmt"/>
      <line num="11" count="2" type="cond" truecount="1" falsecount="1"/>
      <line num="12" count="0" type="stmt"/>
      <line num="15" count="2" type="cond" truecount="1" falsecount="1"/>
      <line num="16" count="0" type="stmt"/>
      <line num="19" count="2" type="stmt"/>
      <line num="20" count="2" type="stmt"/>
      <line num="22" count="2" type="stmt"/>
      <line num="24" count="2" type="stmt"/>
      <line num="25" count="10" type="stmt"/>
      <line num="26" count="10" type="stmt"/>
      <line num="28" count="10" type="cond" truecount="2" falsecount="0"/>
      <line num="29" count="2" type="stmt"/>
      <line num="32" count="8" type="stmt"/>
      <line num="38" count="18" type="stmt"/>
      <line num="39" count="12" type="stmt"/>
      <line num="41" count="2" type="stmt"/>
    </file>
    <file name="index.js" path="/Users/george/frontend-project-lvl2/src/index.js">
      <metrics statements="5" coveredstatements="3" conditionals="2" coveredconditionals="1" methods="1" coveredmethods="1"/>
      <line num="5" count="1" type="stmt"/>
      <line num="6" count="8" type="cond" truecount="1" falsecount="1"/>
      <line num="7" count="8" type="stmt"/>
      <line num="10" count="0" type="stmt"/>
      <line num="12" count="0" type="stmt"/>
    </file>
    <file name="parsers.js" path="/Users/george/frontend-project-lvl2/src/parsers.js">
      <metrics statements="8" coveredstatements="8" conditionals="6" coveredconditionals="4" methods="1" coveredmethods="1"/>
      <line num="6" count="1" type="stmt"/>
      <line num="9" count="4" type="stmt"/>
      <line num="10" count="4" type="stmt"/>
      <line num="14" count="4" type="cond" truecount="2" falsecount="0"/>
      <line num="15" count="2" type="stmt"/>
      <line num="16" count="2" type="cond" truecount="2" falsecount="2"/>
      <line num="17" count="2" type="stmt"/>
      <line num="19" count="4" type="stmt"/>
    </file>
  </project>
</coverage>
