{"/Users/george/frontend-project-lvl2/src/buildAST.js": {"path":"/Users/george/frontend-project-lvl2/src/buildAST.js","statementMap":{"0":{"start":{"line":3,"column":17},"end":{"line":26,"column":4}},"1":{"start":{"line":3,"column":39},"end":{"line":26,"column":4}},"2":{"start":{"line":5,"column":4},"end":{"line":7,"column":5}},"3":{"start":{"line":6,"column":6},"end":{"line":6,"column":57}},"4":{"start":{"line":9,"column":4},"end":{"line":11,"column":5}},"5":{"start":{"line":10,"column":6},"end":{"line":10,"column":59}},"6":{"start":{"line":13,"column":19},"end":{"line":13,"column":31}},"7":{"start":{"line":14,"column":19},"end":{"line":14,"column":31}},"8":{"start":{"line":16,"column":4},"end":{"line":18,"column":5}},"9":{"start":{"line":17,"column":6},"end":{"line":17,"column":73}},"10":{"start":{"line":20,"column":4},"end":{"line":22,"column":5}},"11":{"start":{"line":21,"column":6},"end":{"line":21,"column":55}},"12":{"start":{"line":23,"column":4},"end":{"line":25,"column":6}}},"fnMap":{"0":{"name":"(anonymous_0)","decl":{"start":{"line":3,"column":17},"end":{"line":3,"column":18}},"loc":{"start":{"line":3,"column":39},"end":{"line":26,"column":4}},"line":3},"1":{"name":"(anonymous_1)","decl":{"start":{"line":4,"column":7},"end":{"line":4,"column":8}},"loc":{"start":{"line":4,"column":16},"end":{"line":26,"column":3}},"line":4}},"branchMap":{"0":{"loc":{"start":{"line":5,"column":4},"end":{"line":7,"column":5}},"type":"if","locations":[{"start":{"line":5,"column":4},"end":{"line":7,"column":5}},{"start":{},"end":{}}],"line":5},"1":{"loc":{"start":{"line":9,"column":4},"end":{"line":11,"column":5}},"type":"if","locations":[{"start":{"line":9,"column":4},"end":{"line":11,"column":5}},{"start":{},"end":{}}],"line":9},"2":{"loc":{"start":{"line":16,"column":4},"end":{"line":18,"column":5}},"type":"if","locations":[{"start":{"line":16,"column":4},"end":{"line":18,"column":5}},{"start":{},"end":{}}],"line":16},"3":{"loc":{"start":{"line":16,"column":8},"end":{"line":16,"column":58}},"type":"binary-expr","locations":[{"start":{"line":16,"column":8},"end":{"line":16,"column":31}},{"start":{"line":16,"column":35},"end":{"line":16,"column":58}}],"line":16},"4":{"loc":{"start":{"line":20,"column":4},"end":{"line":22,"column":5}},"type":"if","locations":[{"start":{"line":20,"column":4},"end":{"line":22,"column":5}},{"start":{},"end":{}}],"line":20}},"s":{"0":1,"1":40,"2":144,"3":40,"4":104,"5":16,"6":88,"7":88,"8":88,"9":32,"10":56,"11":24,"12":32},"f":{"0":40,"1":144},"b":{"0":[40,104],"1":[16,88],"2":[32,56],"3":[88,40],"4":[24,32]},"_coverageSchema":"1a1c01bbd47fc00a2c39e90264f33305004495a9","hash":"11dbe0c02ec7eb013bb5214d2933eef1139ade29"}
,"/Users/george/frontend-project-lvl2/src/file-utils.js": {"path":"/Users/george/frontend-project-lvl2/src/file-utils.js","statementMap":{"0":{"start":{"line":3,"column":31},"end":{"line":3,"column":77}},"1":{"start":{"line":3,"column":45},"end":{"line":3,"column":77}}},"fnMap":{"0":{"name":"(anonymous_0)","decl":{"start":{"line":3,"column":31},"end":{"line":3,"column":32}},"loc":{"start":{"line":3,"column":45},"end":{"line":3,"column":77}},"line":3}},"branchMap":{},"s":{"0":1,"1":16},"f":{"0":16},"b":{},"_coverageSchema":"1a1c01bbd47fc00a2c39e90264f33305004495a9","hash":"56a20de7a03f15203ba1058f68bc3a82cb0233cb"}
,"/Users/george/frontend-project-lvl2/src/genDiff.js": {"path":"/Users/george/frontend-project-lvl2/src/genDiff.js","statementMap":{"0":{"start":{"line":9,"column":26},"end":{"line":9,"column":66}},"1":{"start":{"line":9,"column":40},"end":{"line":9,"column":66}},"2":{"start":{"line":11,"column":30},"end":{"line":11,"column":92}},"3":{"start":{"line":11,"column":44},"end":{"line":11,"column":92}},"4":{"start":{"line":13,"column":16},"end":{"line":26,"column":1}},"5":{"start":{"line":14,"column":25},"end":{"line":14,"column":50}},"6":{"start":{"line":15,"column":25},"end":{"line":15,"column":50}},"7":{"start":{"line":17,"column":18},"end":{"line":17,"column":39}},"8":{"start":{"line":18,"column":18},"end":{"line":18,"column":39}},"9":{"start":{"line":20,"column":22},"end":{"line":20,"column":59}},"10":{"start":{"line":21,"column":22},"end":{"line":21,"column":59}},"11":{"start":{"line":23,"column":18},"end":{"line":23,"column":52}},"12":{"start":{"line":25,"column":2},"end":{"line":25,"column":42}}},"fnMap":{"0":{"name":"(anonymous_0)","decl":{"start":{"line":9,"column":26},"end":{"line":9,"column":27}},"loc":{"start":{"line":9,"column":40},"end":{"line":9,"column":66}},"line":9},"1":{"name":"(anonymous_1)","decl":{"start":{"line":11,"column":30},"end":{"line":11,"column":31}},"loc":{"start":{"line":11,"column":44},"end":{"line":11,"column":92}},"line":11},"2":{"name":"(anonymous_2)","decl":{"start":{"line":13,"column":16},"end":{"line":13,"column":17}},"loc":{"start":{"line":13,"column":66},"end":{"line":26,"column":1}},"line":13}},"branchMap":{"0":{"loc":{"start":{"line":13,"column":39},"end":{"line":13,"column":61}},"type":"default-arg","locations":[{"start":{"line":13,"column":52},"end":{"line":13,"column":61}}],"line":13}},"s":{"0":1,"1":16,"2":1,"3":16,"4":1,"5":8,"6":8,"7":8,"8":8,"9":8,"10":8,"11":8,"12":8},"f":{"0":16,"1":16,"2":8},"b":{"0":[2]},"_coverageSchema":"1a1c01bbd47fc00a2c39e90264f33305004495a9","hash":"a6cd9d516700394d33938b85d92911f41abb2630"}
,"/Users/george/frontend-project-lvl2/src/parsers.js": {"path":"/Users/george/frontend-project-lvl2/src/parsers.js","statementMap":{"0":{"start":{"line":5,"column":21},"end":{"line":12,"column":1}},"1":{"start":{"line":6,"column":18},"end":{"line":6,"column":71}},"2":{"start":{"line":8,"column":2},"end":{"line":10,"column":3}},"3":{"start":{"line":9,"column":4},"end":{"line":9,"column":48}},"4":{"start":{"line":11,"column":2},"end":{"line":11,"column":31}}},"fnMap":{"0":{"name":"(anonymous_0)","decl":{"start":{"line":5,"column":21},"end":{"line":5,"column":22}},"loc":{"start":{"line":5,"column":39},"end":{"line":12,"column":1}},"line":5}},"branchMap":{"0":{"loc":{"start":{"line":8,"column":2},"end":{"line":10,"column":3}},"type":"if","locations":[{"start":{"line":8,"column":2},"end":{"line":10,"column":3}},{"start":{},"end":{}}],"line":8}},"s":{"0":1,"1":16,"2":16,"3":0,"4":16},"f":{"0":16},"b":{"0":[0,16]},"_coverageSchema":"1a1c01bbd47fc00a2c39e90264f33305004495a9","hash":"4a21c2f0b54c999cffc0b305b57afd620cff4fe8"}
,"/Users/george/frontend-project-lvl2/src/formatters/index.js": {"path":"/Users/george/frontend-project-lvl2/src/formatters/index.js","statementMap":{"0":{"start":{"line":7,"column":19},"end":{"line":11,"column":1}},"1":{"start":{"line":14,"column":2},"end":{"line":16,"column":3}},"2":{"start":{"line":15,"column":4},"end":{"line":15,"column":53}},"3":{"start":{"line":17,"column":2},"end":{"line":17,"column":33}}},"fnMap":{"0":{"name":"(anonymous_0)","decl":{"start":{"line":13,"column":15},"end":{"line":13,"column":16}},"loc":{"start":{"line":13,"column":32},"end":{"line":18,"column":1}},"line":13}},"branchMap":{"0":{"loc":{"start":{"line":14,"column":2},"end":{"line":16,"column":3}},"type":"if","locations":[{"start":{"line":14,"column":2},"end":{"line":16,"column":3}},{"start":{},"end":{}}],"line":14}},"s":{"0":1,"1":8,"2":0,"3":8},"f":{"0":8},"b":{"0":[0,8]},"_coverageSchema":"1a1c01bbd47fc00a2c39e90264f33305004495a9","hash":"bacb9f137d8ee03fc16f570611cb5f172a0eec2c"}
,"/Users/george/frontend-project-lvl2/src/formatters/json.js": {"path":"/Users/george/frontend-project-lvl2/src/formatters/json.js","statementMap":{"0":{"start":{"line":1,"column":24},"end":{"line":1,"column":43}}},"fnMap":{"0":{"name":"(anonymous_0)","decl":{"start":{"line":1,"column":15},"end":{"line":1,"column":16}},"loc":{"start":{"line":1,"column":24},"end":{"line":1,"column":43}},"line":1}},"branchMap":{},"s":{"0":2},"f":{"0":2},"b":{},"_coverageSchema":"1a1c01bbd47fc00a2c39e90264f33305004495a9","hash":"7a7120a0f7491e42fd64debc4365ca37e5f534db"}
,"/Users/george/frontend-project-lvl2/src/formatters/plain.js": {"path":"/Users/george/frontend-project-lvl2/src/formatters/plain.js","statementMap":{"0":{"start":{"line":3,"column":18},"end":{"line":11,"column":1}},"1":{"start":{"line":4,"column":2},"end":{"line":6,"column":3}},"2":{"start":{"line":5,"column":4},"end":{"line":5,"column":29}},"3":{"start":{"line":7,"column":2},"end":{"line":9,"column":3}},"4":{"start":{"line":8,"column":4},"end":{"line":8,"column":23}},"5":{"start":{"line":10,"column":2},"end":{"line":10,"column":14}},"6":{"start":{"line":13,"column":15},"end":{"line":32,"column":1}},"7":{"start":{"line":16,"column":6},"end":{"line":16,"column":10}},"8":{"start":{"line":18,"column":20},"end":{"line":18,"column":88}},"9":{"start":{"line":18,"column":26},"end":{"line":18,"column":88}},"10":{"start":{"line":19,"column":22},"end":{"line":19,"column":60}},"11":{"start":{"line":19,"column":28},"end":{"line":19,"column":60}},"12":{"start":{"line":20,"column":22},"end":{"line":20,"column":115}},"13":{"start":{"line":20,"column":28},"end":{"line":20,"column":115}},"14":{"start":{"line":22,"column":18},"end":{"line":26,"column":3}},"15":{"start":{"line":28,"column":2},"end":{"line":30,"column":3}},"16":{"start":{"line":29,"column":4},"end":{"line":29,"column":51}},"17":{"start":{"line":31,"column":2},"end":{"line":31,"column":25}},"18":{"start":{"line":34,"column":14},"end":{"line":50,"column":1}},"19":{"start":{"line":35,"column":15},"end":{"line":48,"column":3}},"20":{"start":{"line":36,"column":19},"end":{"line":45,"column":8}},"21":{"start":{"line":37,"column":24},"end":{"line":37,"column":49}},"22":{"start":{"line":39,"column":28},"end":{"line":39,"column":47}},"23":{"start":{"line":40,"column":8},"end":{"line":42,"column":9}},"24":{"start":{"line":41,"column":10},"end":{"line":41,"column":52}},"25":{"start":{"line":44,"column":8},"end":{"line":44,"column":51}},"26":{"start":{"line":47,"column":4},"end":{"line":47,"column":29}},"27":{"start":{"line":49,"column":2},"end":{"line":49,"column":27}},"28":{"start":{"line":52,"column":28},"end":{"line":52,"column":42}}},"fnMap":{"0":{"name":"(anonymous_0)","decl":{"start":{"line":3,"column":18},"end":{"line":3,"column":19}},"loc":{"start":{"line":3,"column":28},"end":{"line":11,"column":1}},"line":3},"1":{"name":"(anonymous_1)","decl":{"start":{"line":13,"column":15},"end":{"line":13,"column":16}},"loc":{"start":{"line":13,"column":31},"end":{"line":32,"column":1}},"line":13},"2":{"name":"(anonymous_2)","decl":{"start":{"line":18,"column":20},"end":{"line":18,"column":21}},"loc":{"start":{"line":18,"column":26},"end":{"line":18,"column":88}},"line":18},"3":{"name":"(anonymous_3)","decl":{"start":{"line":19,"column":22},"end":{"line":19,"column":23}},"loc":{"start":{"line":19,"column":28},"end":{"line":19,"column":60}},"line":19},"4":{"name":"(anonymous_4)","decl":{"start":{"line":20,"column":22},"end":{"line":20,"column":23}},"loc":{"start":{"line":20,"column":28},"end":{"line":20,"column":115}},"line":20},"5":{"name":"(anonymous_5)","decl":{"start":{"line":34,"column":14},"end":{"line":34,"column":15}},"loc":{"start":{"line":34,"column":27},"end":{"line":50,"column":1}},"line":34},"6":{"name":"(anonymous_6)","decl":{"start":{"line":35,"column":15},"end":{"line":35,"column":16}},"loc":{"start":{"line":35,"column":35},"end":{"line":48,"column":3}},"line":35},"7":{"name":"(anonymous_7)","decl":{"start":{"line":37,"column":14},"end":{"line":37,"column":15}},"loc":{"start":{"line":37,"column":24},"end":{"line":37,"column":49}},"line":37},"8":{"name":"(anonymous_8)","decl":{"start":{"line":38,"column":11},"end":{"line":38,"column":12}},"loc":{"start":{"line":38,"column":21},"end":{"line":45,"column":7}},"line":38},"9":{"name":"(anonymous_9)","decl":{"start":{"line":52,"column":15},"end":{"line":52,"column":16}},"loc":{"start":{"line":52,"column":28},"end":{"line":52,"column":42}},"line":52}},"branchMap":{"0":{"loc":{"start":{"line":4,"column":2},"end":{"line":6,"column":3}},"type":"if","locations":[{"start":{"line":4,"column":2},"end":{"line":6,"column":3}},{"start":{},"end":{}}],"line":4},"1":{"loc":{"start":{"line":7,"column":2},"end":{"line":9,"column":3}},"type":"if","locations":[{"start":{"line":7,"column":2},"end":{"line":9,"column":3}},{"start":{},"end":{}}],"line":7},"2":{"loc":{"start":{"line":28,"column":2},"end":{"line":30,"column":3}},"type":"if","locations":[{"start":{"line":28,"column":2},"end":{"line":30,"column":3}},{"start":{},"end":{}}],"line":28},"3":{"loc":{"start":{"line":40,"column":8},"end":{"line":42,"column":9}},"type":"if","locations":[{"start":{"line":40,"column":8},"end":{"line":42,"column":9}},{"start":{},"end":{}}],"line":40}},"s":{"0":1,"1":26,"2":6,"3":20,"4":14,"5":6,"6":1,"7":22,"8":22,"9":10,"10":22,"11":4,"12":22,"13":8,"14":22,"15":22,"16":0,"17":22,"18":1,"19":2,"20":10,"21":36,"22":30,"23":30,"24":8,"25":22,"26":10,"27":2,"28":2},"f":{"0":26,"1":22,"2":10,"3":4,"4":8,"5":2,"6":10,"7":36,"8":30,"9":2},"b":{"0":[6,20],"1":[14,6],"2":[0,22],"3":[8,22]},"_coverageSchema":"1a1c01bbd47fc00a2c39e90264f33305004495a9","hash":"d3dbc536d1ccf538f2f2733a2d05d092d6b790c1"}
,"/Users/george/frontend-project-lvl2/src/formatters/stylish.js": {"path":"/Users/george/frontend-project-lvl2/src/formatters/stylish.js","statementMap":{"0":{"start":{"line":3,"column":21},"end":{"line":3,"column":24}},"1":{"start":{"line":4,"column":19},"end":{"line":4,"column":20}},"2":{"start":{"line":5,"column":23},"end":{"line":5,"column":24}},"3":{"start":{"line":7,"column":19},"end":{"line":7,"column":61}},"4":{"start":{"line":7,"column":30},"end":{"line":7,"column":61}},"5":{"start":{"line":9,"column":18},"end":{"line":23,"column":1}},"6":{"start":{"line":10,"column":2},"end":{"line":20,"column":3}},"7":{"start":{"line":11,"column":26},"end":{"line":11,"column":73}},"8":{"start":{"line":12,"column":24},"end":{"line":12,"column":58}},"9":{"start":{"line":14,"column":17},"end":{"line":16,"column":88}},"10":{"start":{"line":16,"column":29},"end":{"line":16,"column":87}},"11":{"start":{"line":18,"column":4},"end":{"line":19,"column":18}},"12":{"start":{"line":22,"column":2},"end":{"line":22,"column":14}},"13":{"start":{"line":25,"column":15},"end":{"line":53,"column":1}},"14":{"start":{"line":28,"column":6},"end":{"line":28,"column":10}},"15":{"start":{"line":29,"column":24},"end":{"line":29,"column":71}},"16":{"start":{"line":31,"column":20},"end":{"line":31,"column":84}},"17":{"start":{"line":31,"column":26},"end":{"line":31,"column":84}},"18":{"start":{"line":32,"column":22},"end":{"line":32,"column":86}},"19":{"start":{"line":32,"column":28},"end":{"line":32,"column":86}},"20":{"start":{"line":33,"column":22},"end":{"line":38,"column":3}},"21":{"start":{"line":33,"column":29},"end":{"line":37,"column":15}},"22":{"start":{"line":39,"column":24},"end":{"line":39,"column":66}},"23":{"start":{"line":39,"column":30},"end":{"line":39,"column":66}},"24":{"start":{"line":41,"column":18},"end":{"line":46,"column":3}},"25":{"start":{"line":48,"column":2},"end":{"line":50,"column":3}},"26":{"start":{"line":49,"column":4},"end":{"line":49,"column":51}},"27":{"start":{"line":52,"column":2},"end":{"line":52,"column":25}},"28":{"start":{"line":55,"column":14},"end":{"line":78,"column":1}},"29":{"start":{"line":56,"column":15},"end":{"line":75,"column":3}},"30":{"start":{"line":57,"column":19},"end":{"line":69,"column":8}},"31":{"start":{"line":59,"column":40},"end":{"line":59,"column":44}},"32":{"start":{"line":61,"column":8},"end":{"line":66,"column":9}},"33":{"start":{"line":62,"column":24},"end":{"line":62,"column":49}},"34":{"start":{"line":63,"column":32},"end":{"line":63,"column":79}},"35":{"start":{"line":65,"column":10},"end":{"line":65,"column":54}},"36":{"start":{"line":68,"column":8},"end":{"line":68,"column":35}},"37":{"start":{"line":71,"column":24},"end":{"line":71,"column":58}},"38":{"start":{"line":73,"column":4},"end":{"line":74,"column":18}},"39":{"start":{"line":77,"column":2},"end":{"line":77,"column":23}},"40":{"start":{"line":80,"column":28},"end":{"line":80,"column":42}}},"fnMap":{"0":{"name":"(anonymous_0)","decl":{"start":{"line":7,"column":19},"end":{"line":7,"column":20}},"loc":{"start":{"line":7,"column":30},"end":{"line":7,"column":61}},"line":7},"1":{"name":"(anonymous_1)","decl":{"start":{"line":9,"column":18},"end":{"line":9,"column":19}},"loc":{"start":{"line":9,"column":35},"end":{"line":23,"column":1}},"line":9},"2":{"name":"(anonymous_2)","decl":{"start":{"line":16,"column":11},"end":{"line":16,"column":12}},"loc":{"start":{"line":16,"column":29},"end":{"line":16,"column":87}},"line":16},"3":{"name":"(anonymous_3)","decl":{"start":{"line":25,"column":15},"end":{"line":25,"column":16}},"loc":{"start":{"line":25,"column":32},"end":{"line":53,"column":1}},"line":25},"4":{"name":"(anonymous_4)","decl":{"start":{"line":31,"column":20},"end":{"line":31,"column":21}},"loc":{"start":{"line":31,"column":26},"end":{"line":31,"column":84}},"line":31},"5":{"name":"(anonymous_5)","decl":{"start":{"line":32,"column":22},"end":{"line":32,"column":23}},"loc":{"start":{"line":32,"column":28},"end":{"line":32,"column":86}},"line":32},"6":{"name":"(anonymous_6)","decl":{"start":{"line":33,"column":22},"end":{"line":33,"column":23}},"loc":{"start":{"line":33,"column":29},"end":{"line":37,"column":15}},"line":33},"7":{"name":"(anonymous_7)","decl":{"start":{"line":39,"column":24},"end":{"line":39,"column":25}},"loc":{"start":{"line":39,"column":30},"end":{"line":39,"column":66}},"line":39},"8":{"name":"(anonymous_8)","decl":{"start":{"line":55,"column":14},"end":{"line":55,"column":15}},"loc":{"start":{"line":55,"column":27},"end":{"line":78,"column":1}},"line":55},"9":{"name":"(anonymous_9)","decl":{"start":{"line":56,"column":15},"end":{"line":56,"column":16}},"loc":{"start":{"line":56,"column":40},"end":{"line":75,"column":3}},"line":56},"10":{"name":"(anonymous_10)","decl":{"start":{"line":58,"column":11},"end":{"line":58,"column":12}},"loc":{"start":{"line":58,"column":21},"end":{"line":69,"column":7}},"line":58},"11":{"name":"(anonymous_11)","decl":{"start":{"line":80,"column":15},"end":{"line":80,"column":16}},"loc":{"start":{"line":80,"column":28},"end":{"line":80,"column":42}},"line":80}},"branchMap":{"0":{"loc":{"start":{"line":10,"column":2},"end":{"line":20,"column":3}},"type":"if","locations":[{"start":{"line":10,"column":2},"end":{"line":20,"column":3}},{"start":{},"end":{}}],"line":10},"1":{"loc":{"start":{"line":48,"column":2},"end":{"line":50,"column":3}},"type":"if","locations":[{"start":{"line":48,"column":2},"end":{"line":50,"column":3}},{"start":{},"end":{}}],"line":48},"2":{"loc":{"start":{"line":56,"column":26},"end":{"line":56,"column":35}},"type":"default-arg","locations":[{"start":{"line":56,"column":34},"end":{"line":56,"column":35}}],"line":56},"3":{"loc":{"start":{"line":61,"column":8},"end":{"line":66,"column":9}},"type":"if","locations":[{"start":{"line":61,"column":8},"end":{"line":66,"column":9}},{"start":{},"end":{}}],"line":61}},"s":{"0":1,"1":1,"2":1,"3":1,"4":148,"5":1,"6":96,"7":28,"8":28,"9":28,"10":36,"11":28,"12":68,"13":1,"14":56,"15":56,"16":56,"17":20,"18":56,"19":8,"20":56,"21":16,"22":56,"23":12,"24":56,"25":56,"26":0,"27":56,"28":1,"29":4,"30":20,"31":72,"32":72,"33":16,"34":16,"35":16,"36":56,"37":20,"38":20,"39":4,"40":4},"f":{"0":148,"1":96,"2":36,"3":56,"4":20,"5":8,"6":16,"7":12,"8":4,"9":20,"10":72,"11":4},"b":{"0":[28,68],"1":[0,56],"2":[4],"3":[16,56]},"_coverageSchema":"1a1c01bbd47fc00a2c39e90264f33305004495a9","hash":"cb788d5efcfa715a0cbb238466e7675a3c7e58aa"}
}
