{"/Users/george/frontend-project-lvl2/src/genDiff.js": {"path":"/Users/george/frontend-project-lvl2/src/genDiff.js","statementMap":{"0":{"start":{"line":7,"column":16},"end":{"line":42,"column":1}},"1":{"start":{"line":8,"column":25},"end":{"line":8,"column":55}},"2":{"start":{"line":9,"column":25},"end":{"line":9,"column":55}},"3":{"start":{"line":11,"column":2},"end":{"line":13,"column":3}},"4":{"start":{"line":12,"column":4},"end":{"line":12,"column":41}},"5":{"start":{"line":15,"column":2},"end":{"line":17,"column":3}},"6":{"start":{"line":16,"column":4},"end":{"line":16,"column":41}},"7":{"start":{"line":19,"column":18},"end":{"line":19,"column":46}},"8":{"start":{"line":20,"column":18},"end":{"line":20,"column":46}},"9":{"start":{"line":22,"column":15},"end":{"line":22,"column":66}},"10":{"start":{"line":24,"column":15},"end":{"line":39,"column":59}},"11":{"start":{"line":25,"column":19},"end":{"line":25,"column":38}},"12":{"start":{"line":26,"column":19},"end":{"line":26,"column":38}},"13":{"start":{"line":28,"column":4},"end":{"line":30,"column":5}},"14":{"start":{"line":29,"column":6},"end":{"line":29,"column":44}},"15":{"start":{"line":32,"column":4},"end":{"line":36,"column":6}},"16":{"start":{"line":38,"column":27},"end":{"line":38,"column":46}},"17":{"start":{"line":39,"column":27},"end":{"line":39,"column":47}},"18":{"start":{"line":41,"column":2},"end":{"line":41,"column":26}}},"fnMap":{"0":{"name":"(anonymous_0)","decl":{"start":{"line":7,"column":16},"end":{"line":7,"column":17}},"loc":{"start":{"line":7,"column":42},"end":{"line":42,"column":1}},"line":7},"1":{"name":"(anonymous_1)","decl":{"start":{"line":24,"column":27},"end":{"line":24,"column":28}},"loc":{"start":{"line":24,"column":41},"end":{"line":37,"column":3}},"line":24},"2":{"name":"(anonymous_2)","decl":{"start":{"line":38,"column":12},"end":{"line":38,"column":13}},"loc":{"start":{"line":38,"column":27},"end":{"line":38,"column":46}},"line":38},"3":{"name":"(anonymous_3)","decl":{"start":{"line":39,"column":9},"end":{"line":39,"column":10}},"loc":{"start":{"line":39,"column":27},"end":{"line":39,"column":47}},"line":39}},"branchMap":{"0":{"loc":{"start":{"line":11,"column":2},"end":{"line":13,"column":3}},"type":"if","locations":[{"start":{"line":11,"column":2},"end":{"line":13,"column":3}},{"start":{},"end":{}}],"line":11},"1":{"loc":{"start":{"line":15,"column":2},"end":{"line":17,"column":3}},"type":"if","locations":[{"start":{"line":15,"column":2},"end":{"line":17,"column":3}},{"start":{},"end":{}}],"line":15},"2":{"loc":{"start":{"line":28,"column":4},"end":{"line":30,"column":5}},"type":"if","locations":[{"start":{"line":28,"column":4},"end":{"line":30,"column":5}},{"start":{},"end":{}}],"line":28}},"s":{"0":1,"1":2,"2":2,"3":2,"4":0,"5":2,"6":0,"7":2,"8":2,"9":2,"10":2,"11":10,"12":10,"13":10,"14":2,"15":8,"16":18,"17":12,"18":2},"f":{"0":2,"1":10,"2":18,"3":12},"b":{"0":[0,2],"1":[0,2],"2":[2,8]},"_coverageSchema":"1a1c01bbd47fc00a2c39e90264f33305004495a9","hash":"7ff8cc17de966d2001f6688ef51bd5b8b1fb5602"}
,"/Users/george/frontend-project-lvl2/src/index.js": {"path":"/Users/george/frontend-project-lvl2/src/index.js","statementMap":{"0":{"start":{"line":5,"column":20},"end":{"line":13,"column":1}},"1":{"start":{"line":6,"column":2},"end":{"line":8,"column":3}},"2":{"start":{"line":7,"column":4},"end":{"line":7,"column":20}},"3":{"start":{"line":10,"column":23},"end":{"line":10,"column":53}},"4":{"start":{"line":12,"column":2},"end":{"line":12,"column":34}}},"fnMap":{"0":{"name":"(anonymous_0)","decl":{"start":{"line":5,"column":20},"end":{"line":5,"column":21}},"loc":{"start":{"line":5,"column":34},"end":{"line":13,"column":1}},"line":5}},"branchMap":{"0":{"loc":{"start":{"line":6,"column":2},"end":{"line":8,"column":3}},"type":"if","locations":[{"start":{"line":6,"column":2},"end":{"line":8,"column":3}},{"start":{},"end":{}}],"line":6}},"s":{"0":1,"1":8,"2":8,"3":0,"4":0},"f":{"0":8},"b":{"0":[8,0]},"_coverageSchema":"1a1c01bbd47fc00a2c39e90264f33305004495a9","hash":"f8f63e91fb8d48dabf750d007f27589c8126bbf7"}
,"/Users/george/frontend-project-lvl2/src/parsers.js": {"path":"/Users/george/frontend-project-lvl2/src/parsers.js","statementMap":{"0":{"start":{"line":6,"column":21},"end":{"line":20,"column":1}},"1":{"start":{"line":9,"column":17},"end":{"line":9,"column":39}},"2":{"start":{"line":10,"column":15},"end":{"line":10,"column":59}},"3":{"start":{"line":14,"column":2},"end":{"line":18,"column":3}},"4":{"start":{"line":15,"column":4},"end":{"line":15,"column":29}},"5":{"start":{"line":16,"column":9},"end":{"line":18,"column":3}},"6":{"start":{"line":17,"column":4},"end":{"line":17,"column":28}},"7":{"start":{"line":19,"column":2},"end":{"line":19,"column":15}}},"fnMap":{"0":{"name":"(anonymous_0)","decl":{"start":{"line":6,"column":21},"end":{"line":6,"column":22}},"loc":{"start":{"line":6,"column":35},"end":{"line":20,"column":1}},"line":6}},"branchMap":{"0":{"loc":{"start":{"line":14,"column":2},"end":{"line":18,"column":3}},"type":"if","locations":[{"start":{"line":14,"column":2},"end":{"line":18,"column":3}},{"start":{"line":16,"column":9},"end":{"line":18,"column":3}}],"line":14},"1":{"loc":{"start":{"line":16,"column":9},"end":{"line":18,"column":3}},"type":"if","locations":[{"start":{"line":16,"column":9},"end":{"line":18,"column":3}},{"start":{},"end":{}}],"line":16},"2":{"loc":{"start":{"line":16,"column":13},"end":{"line":16,"column":52}},"type":"binary-expr","locations":[{"start":{"line":16,"column":13},"end":{"line":16,"column":30}},{"start":{"line":16,"column":34},"end":{"line":16,"column":52}}],"line":16}},"s":{"0":1,"1":4,"2":4,"3":4,"4":2,"5":2,"6":2,"7":4},"f":{"0":4},"b":{"0":[2,2],"1":[2,0],"2":[2,0]},"_coverageSchema":"1a1c01bbd47fc00a2c39e90264f33305004495a9","hash":"be23b8cfec2f6f8b7428e834c75a50452daca3f9"}
}
