TN:
SF:src/buildAST.js
FN:3,(anonymous_0)
FN:4,(anonymous_1)
FNF:2
FNH:2
FNDA:40,(anonymous_0)
FNDA:144,(anonymous_1)
DA:3,40
DA:5,144
DA:6,40
DA:9,104
DA:10,16
DA:13,88
DA:14,88
DA:16,88
DA:17,32
DA:20,56
DA:21,24
DA:23,32
LF:12
LH:12
BRDA:5,0,0,40
BRDA:5,0,1,104
BRDA:9,1,0,16
BRDA:9,1,1,88
BRDA:16,2,0,32
BRDA:16,2,1,56
BRDA:16,3,0,88
BRDA:16,3,1,40
BRDA:20,4,0,24
BRDA:20,4,1,32
BRF:10
BRH:10
end_of_record
TN:
SF:src/file-utils.js
FN:3,(anonymous_0)
FNF:1
FNH:1
FNDA:16,(anonymous_0)
DA:3,16
LF:1
LH:1
BRF:0
BRH:0
end_of_record
TN:
SF:src/genDiff.js
FN:9,(anonymous_0)
FN:11,(anonymous_1)
FN:13,(anonymous_2)
FNF:3
FNH:3
FNDA:16,(anonymous_0)
FNDA:16,(anonymous_1)
FNDA:8,(anonymous_2)
DA:9,16
DA:11,16
DA:13,1
DA:14,8
DA:15,8
DA:17,8
DA:18,8
DA:20,8
DA:21,8
DA:23,8
DA:25,8
LF:11
LH:11
BRDA:13,0,0,2
BRF:1
BRH:1
end_of_record
TN:
SF:src/parsers.js
FN:5,(anonymous_0)
FNF:1
FNH:1
FNDA:16,(anonymous_0)
DA:5,1
DA:6,16
DA:8,16
DA:9,0
DA:11,16
LF:5
LH:4
BRDA:8,0,0,0
BRDA:8,0,1,16
BRF:2
BRH:1
end_of_record
TN:
SF:src/formatters/index.js
FN:13,(anonymous_0)
FNF:1
FNH:1
FNDA:8,(anonymous_0)
DA:7,1
DA:14,8
DA:15,0
DA:17,8
LF:4
LH:3
BRDA:14,0,0,0
BRDA:14,0,1,8
BRF:2
BRH:1
end_of_record
TN:
SF:src/formatters/json.js
FN:1,(anonymous_0)
FNF:1
FNH:1
FNDA:2,(anonymous_0)
DA:1,2
LF:1
LH:1
BRF:0
BRH:0
end_of_record
TN:
SF:src/formatters/plain.js
FN:3,(anonymous_0)
FN:13,(anonymous_1)
FN:18,(anonymous_2)
FN:19,(anonymous_3)
FN:20,(anonymous_4)
FN:34,(anonymous_5)
FN:35,(anonymous_6)
FN:37,(anonymous_7)
FN:38,(anonymous_8)
FN:52,(anonymous_9)
FNF:10
FNH:10
FNDA:26,(anonymous_0)
FNDA:22,(anonymous_1)
FNDA:10,(anonymous_2)
FNDA:4,(anonymous_3)
FNDA:8,(anonymous_4)
FNDA:2,(anonymous_5)
FNDA:10,(anonymous_6)
FNDA:36,(anonymous_7)
FNDA:30,(anonymous_8)
FNDA:2,(anonymous_9)
DA:3,1
DA:4,26
DA:5,6
DA:7,20
DA:8,14
DA:10,6
DA:13,1
DA:16,22
DA:18,22
DA:19,22
DA:20,22
DA:22,22
DA:28,22
DA:29,0
DA:31,22
DA:34,1
DA:35,2
DA:36,10
DA:37,36
DA:39,30
DA:40,30
DA:41,8
DA:44,22
DA:47,10
DA:49,2
DA:52,2
LF:26
LH:25
BRDA:4,0,0,6
BRDA:4,0,1,20
BRDA:7,1,0,14
BRDA:7,1,1,6
BRDA:28,2,0,0
BRDA:28,2,1,22
BRDA:40,3,0,8
BRDA:40,3,1,22
BRF:8
BRH:7
end_of_record
TN:
SF:src/formatters/stylish.js
FN:7,(anonymous_0)
FN:9,(anonymous_1)
FN:16,(anonymous_2)
FN:25,(anonymous_3)
FN:31,(anonymous_4)
FN:32,(anonymous_5)
FN:33,(anonymous_6)
FN:39,(anonymous_7)
FN:55,(anonymous_8)
FN:56,(anonymous_9)
FN:58,(anonymous_10)
FN:80,(anonymous_11)
FNF:12
FNH:12
FNDA:148,(anonymous_0)
FNDA:96,(anonymous_1)
FNDA:36,(anonymous_2)
FNDA:56,(anonymous_3)
FNDA:20,(anonymous_4)
FNDA:8,(anonymous_5)
FNDA:16,(anonymous_6)
FNDA:12,(anonymous_7)
FNDA:4,(anonymous_8)
FNDA:20,(anonymous_9)
FNDA:72,(anonymous_10)
FNDA:4,(anonymous_11)
DA:3,1
DA:4,1
DA:5,1
DA:7,148
DA:9,1
DA:10,96
DA:11,28
DA:12,28
DA:14,28
DA:16,36
DA:18,28
DA:22,68
DA:25,1
DA:28,56
DA:29,56
DA:31,56
DA:32,56
DA:33,56
DA:39,56
DA:41,56
DA:48,56
DA:49,0
DA:52,56
DA:55,1
DA:56,4
DA:57,20
DA:59,72
DA:61,72
DA:62,16
DA:63,16
DA:65,16
DA:68,56
DA:71,20
DA:73,20
DA:77,4
DA:80,4
LF:36
LH:35
BRDA:10,0,0,28
BRDA:10,0,1,68
BRDA:48,1,0,0
BRDA:48,1,1,56
BRDA:56,2,0,4
BRDA:61,3,0,16
BRDA:61,3,1,56
BRF:7
BRH:6
end_of_record
