TN:
SF:src/genDiff.js
FN:6,(anonymous_0)
FN:23,(anonymous_1)
FN:37,(anonymous_2)
FN:38,(anonymous_3)
FNF:4
FNH:4
FNDA:1,(anonymous_0)
FNDA:5,(anonymous_1)
FNDA:9,(anonymous_2)
FNDA:6,(anonymous_3)
DA:6,1
DA:7,1
DA:8,1
DA:10,1
DA:11,0
DA:14,1
DA:15,0
DA:18,1
DA:19,1
DA:21,1
DA:23,1
DA:24,5
DA:25,5
DA:27,5
DA:28,1
DA:31,4
DA:37,9
DA:38,6
DA:40,1
LF:19
LH:17
BRDA:10,0,0,0
BRDA:10,0,1,1
BRDA:14,1,0,0
BRDA:14,1,1,1
BRDA:27,2,0,1
BRDA:27,2,1,4
BRF:6
BRH:4
end_of_record
TN:
SF:src/index.js
FN:4,(anonymous_0)
FN:14,(anonymous_1)
FNF:2
FNH:2
FNDA:4,(anonymous_0)
FNDA:2,(anonymous_1)
DA:4,1
DA:5,4
DA:6,4
DA:9,0
DA:11,0
DA:14,1
DA:15,2
DA:17,2
DA:19,2
LF:9
LH:7
BRDA:5,0,0,4
BRDA:5,0,1,0
BRF:2
BRH:1
end_of_record
